c:\users\kaiming\desktop\cs code assignment\canvas\canvas\debug\vc140.pdb
c:\users\kaiming\desktop\cs code assignment\canvas\canvas\debug\vc140.idb
c:\users\kaiming\desktop\cs code assignment\canvas\canvas\debug\canvas.obj
c:\users\kaiming\desktop\cs code assignment\canvas\canvas\debug\main.obj
d:\zero\xfile\xdata\algo\canvas\canvas\canvas\debug\vc141.pdb
d:\zero\xfile\xdata\algo\canvas\canvas\canvas\debug\vc141.idb
d:\zero\xfile\xdata\algo\canvas\canvas\canvas\debug\main.obj
d:\zero\xfile\xdata\algo\canvas\canvas\canvas\debug\canvas.obj
c:\users\kaiming\desktop\cs code assignment\canvas\debug\canvas.ilk
c:\users\kaiming\desktop\cs code assignment\canvas\debug\canvas.exe
c:\users\kaiming\desktop\cs code assignment\canvas\debug\canvas.pdb
d:\zero\xfile\xdata\algo\canvas\canvas\debug\canvas.ilk
d:\zero\xfile\xdata\algo\canvas\canvas\debug\canvas.exe
d:\zero\xfile\xdata\algo\canvas\canvas\debug\canvas.pdb
d:\zero\xfile\xdata\algo\canvas\canvas\canvas\debug\vc140.idb
d:\zero\xfile\xdata\algo\canvas\canvas\canvas\debug\vc140.pdb
d:\zero\xfile\xdata\algo\canvas\canvas\canvas\debug\canvas.tlog\cl.command.1.tlog
d:\zero\xfile\xdata\algo\canvas\canvas\canvas\debug\canvas.tlog\cl.read.1.tlog
d:\zero\xfile\xdata\algo\canvas\canvas\canvas\debug\canvas.tlog\cl.write.1.tlog
d:\zero\xfile\xdata\algo\canvas\canvas\canvas\debug\canvas.tlog\link.command.1.tlog
d:\zero\xfile\xdata\algo\canvas\canvas\canvas\debug\canvas.tlog\link.read.1.tlog
d:\zero\xfile\xdata\algo\canvas\canvas\canvas\debug\canvas.tlog\link.write.1.tlog
